ERROR - 2026-01-09 10:46:10 --> mysqli_sql_exception: Unknown column 'profile_image' in 'field list' in C:\xampp8\htdocs\it-training-system\system\Database\MySQLi\Connection.php:327
Stack trace:
#0 C:\xampp8\htdocs\it-training-system\system\Database\MySQLi\Connection.php(327): mysqli->query('INSERT INTO `us...', 0)
#1 C:\xampp8\htdocs\it-training-system\system\Database\BaseConnection.php(729): CodeIgniter\Database\MySQLi\Connection->execute('INSERT INTO `us...')
#2 C:\xampp8\htdocs\it-training-system\system\Database\BaseConnection.php(646): CodeIgniter\Database\BaseConnection->simpleQuery('INSERT INTO `us...')
#3 C:\xampp8\htdocs\it-training-system\system\Database\BaseBuilder.php(2345): CodeIgniter\Database\BaseConnection->query('INSERT INTO `us...', Array, false)
#4 C:\xampp8\htdocs\it-training-system\system\Model.php(394): CodeIgniter\Database\BaseBuilder->insert()
#5 C:\xampp8\htdocs\it-training-system\system\BaseModel.php(838): CodeIgniter\Model->doInsert(Array)
#6 C:\xampp8\htdocs\it-training-system\system\Model.php(797): CodeIgniter\BaseModel->insert(Array, false)
#7 C:\xampp8\htdocs\it-training-system\system\BaseModel.php(751): CodeIgniter\Model->insert(Array, false)
#8 C:\xampp8\htdocs\it-training-system\app\Controllers\Auth.php(55): CodeIgniter\BaseModel->save(Array)
#9 C:\xampp8\htdocs\it-training-system\system\CodeIgniter.php(933): App\Controllers\Auth->registerProcess()
#10 C:\xampp8\htdocs\it-training-system\system\CodeIgniter.php(507): CodeIgniter\CodeIgniter->runController(Object(App\Controllers\Auth))
#11 C:\xampp8\htdocs\it-training-system\system\CodeIgniter.php(354): CodeIgniter\CodeIgniter->handleRequest(NULL, Object(Config\Cache), false)
#12 C:\xampp8\htdocs\it-training-system\system\Boot.php(363): CodeIgniter\CodeIgniter->run()
#13 C:\xampp8\htdocs\it-training-system\system\Boot.php(68): CodeIgniter\Boot::runCodeIgniter(Object(CodeIgniter\CodeIgniter))
#14 C:\xampp8\htdocs\it-training-system\public\index.php(59): CodeIgniter\Boot::bootWeb(Object(Config\Paths))
#15 C:\xampp8\htdocs\it-training-system\system\rewrite.php(44): require_once('C:\\xampp8\\htdoc...')
#16 {main}
CRITICAL - 2026-01-09 10:46:10 --> CodeIgniter\Database\Exceptions\DatabaseException: Unknown column 'profile_image' in 'field list'
[Method: POST, Route: register-process]
in SYSTEMPATH\Database\BaseConnection.php on line 684.
 1 SYSTEMPATH\Database\BaseBuilder.php(2345): CodeIgniter\Database\BaseConnection->query('INSERT INTO `users` (`full_name`, `email`, `password`, `role`, `phone_num`, `gender`, `profile_image`) VALUES (:full_name:, :email:, :password:, :role:, :phone_num:, :gender:, :profile_image:)', [...], false)
 2 SYSTEMPATH\Model.php(394): CodeIgniter\Database\BaseBuilder->insert()
 3 SYSTEMPATH\BaseModel.php(838): CodeIgniter\Model->doInsert([...])
 4 SYSTEMPATH\Model.php(797): CodeIgniter\BaseModel->insert([...], false)
 5 SYSTEMPATH\BaseModel.php(751): CodeIgniter\Model->insert([...], false)
 6 APPPATH\Controllers\Auth.php(55): CodeIgniter\BaseModel->save([...])
 7 SYSTEMPATH\CodeIgniter.php(933): App\Controllers\Auth->registerProcess()
 8 SYSTEMPATH\CodeIgniter.php(507): CodeIgniter\CodeIgniter->runController(Object(App\Controllers\Auth))
 9 SYSTEMPATH\CodeIgniter.php(354): CodeIgniter\CodeIgniter->handleRequest(null, Object(Config\Cache), false)
10 SYSTEMPATH\Boot.php(363): CodeIgniter\CodeIgniter->run()
11 SYSTEMPATH\Boot.php(68): CodeIgniter\Boot::runCodeIgniter(Object(CodeIgniter\CodeIgniter))
12 FCPATH\index.php(59): CodeIgniter\Boot::bootWeb(Object(Config\Paths))
13 SYSTEMPATH\rewrite.php(44): require_once('C:\\xampp8\\htdocs\\it-training-system\\public\\index.php')
CRITICAL - 2026-01-09 10:46:10 --> [Caused by] CodeIgniter\Database\Exceptions\DatabaseException: Unknown column 'profile_image' in 'field list'
in SYSTEMPATH\Database\MySQLi\Connection.php on line 332.
 1 SYSTEMPATH\Database\BaseConnection.php(729): CodeIgniter\Database\MySQLi\Connection->execute('INSERT INTO `users` (`full_name`, `email`, `password`, `role`, `phone_num`, `gender`, `profile_image`) VALUES (\'Aina Nadirah\', \'ainanadirah613@gmail.com\', \'$2y$10$ofr0GyqyfunF/.HiE0gmS.VKRMc97aIzgJdwRm1IaXDL.U6e1b1bm\', \'admin\', \'0133964530\', \'female\', NULL)')
 2 SYSTEMPATH\Database\BaseConnection.php(646): CodeIgniter\Database\BaseConnection->simpleQuery('INSERT INTO `users` (`full_name`, `email`, `password`, `role`, `phone_num`, `gender`, `profile_image`) VALUES (\'Aina Nadirah\', \'ainanadirah613@gmail.com\', \'$2y$10$ofr0GyqyfunF/.HiE0gmS.VKRMc97aIzgJdwRm1IaXDL.U6e1b1bm\', \'admin\', \'0133964530\', \'female\', NULL)')
 3 SYSTEMPATH\Database\BaseBuilder.php(2345): CodeIgniter\Database\BaseConnection->query('INSERT INTO `users` (`full_name`, `email`, `password`, `role`, `phone_num`, `gender`, `profile_image`) VALUES (:full_name:, :email:, :password:, :role:, :phone_num:, :gender:, :profile_image:)', [...], false)
 4 SYSTEMPATH\Model.php(394): CodeIgniter\Database\BaseBuilder->insert()
 5 SYSTEMPATH\BaseModel.php(838): CodeIgniter\Model->doInsert([...])
 6 SYSTEMPATH\Model.php(797): CodeIgniter\BaseModel->insert([...], false)
 7 SYSTEMPATH\BaseModel.php(751): CodeIgniter\Model->insert([...], false)
 8 APPPATH\Controllers\Auth.php(55): CodeIgniter\BaseModel->save([...])
 9 SYSTEMPATH\CodeIgniter.php(933): App\Controllers\Auth->registerProcess()
10 SYSTEMPATH\CodeIgniter.php(507): CodeIgniter\CodeIgniter->runController(Object(App\Controllers\Auth))
11 SYSTEMPATH\CodeIgniter.php(354): CodeIgniter\CodeIgniter->handleRequest(null, Object(Config\Cache), false)
12 SYSTEMPATH\Boot.php(363): CodeIgniter\CodeIgniter->run()
13 SYSTEMPATH\Boot.php(68): CodeIgniter\Boot::runCodeIgniter(Object(CodeIgniter\CodeIgniter))
14 FCPATH\index.php(59): CodeIgniter\Boot::bootWeb(Object(Config\Paths))
15 SYSTEMPATH\rewrite.php(44): require_once('C:\\xampp8\\htdocs\\it-training-system\\public\\index.php')
CRITICAL - 2026-01-09 10:46:10 --> [Caused by] mysqli_sql_exception: Unknown column 'profile_image' in 'field list'
in SYSTEMPATH\Database\MySQLi\Connection.php on line 327.
 1 SYSTEMPATH\Database\MySQLi\Connection.php(327): mysqli->query('INSERT INTO `users` (`full_name`, `email`, `password`, `role`, `phone_num`, `gender`, `profile_image`) VALUES (\'Aina Nadirah\', \'ainanadirah613@gmail.com\', \'$2y$10$ofr0GyqyfunF/.HiE0gmS.VKRMc97aIzgJdwRm1IaXDL.U6e1b1bm\', \'admin\', \'0133964530\', \'female\', NULL)', 0)
 2 SYSTEMPATH\Database\BaseConnection.php(729): CodeIgniter\Database\MySQLi\Connection->execute('INSERT INTO `users` (`full_name`, `email`, `password`, `role`, `phone_num`, `gender`, `profile_image`) VALUES (\'Aina Nadirah\', \'ainanadirah613@gmail.com\', \'$2y$10$ofr0GyqyfunF/.HiE0gmS.VKRMc97aIzgJdwRm1IaXDL.U6e1b1bm\', \'admin\', \'0133964530\', \'female\', NULL)')
 3 SYSTEMPATH\Database\BaseConnection.php(646): CodeIgniter\Database\BaseConnection->simpleQuery('INSERT INTO `users` (`full_name`, `email`, `password`, `role`, `phone_num`, `gender`, `profile_image`) VALUES (\'Aina Nadirah\', \'ainanadirah613@gmail.com\', \'$2y$10$ofr0GyqyfunF/.HiE0gmS.VKRMc97aIzgJdwRm1IaXDL.U6e1b1bm\', \'admin\', \'0133964530\', \'female\', NULL)')
 4 SYSTEMPATH\Database\BaseBuilder.php(2345): CodeIgniter\Database\BaseConnection->query('INSERT INTO `users` (`full_name`, `email`, `password`, `role`, `phone_num`, `gender`, `profile_image`) VALUES (:full_name:, :email:, :password:, :role:, :phone_num:, :gender:, :profile_image:)', [...], false)
 5 SYSTEMPATH\Model.php(394): CodeIgniter\Database\BaseBuilder->insert()
 6 SYSTEMPATH\BaseModel.php(838): CodeIgniter\Model->doInsert([...])
 7 SYSTEMPATH\Model.php(797): CodeIgniter\BaseModel->insert([...], false)
 8 SYSTEMPATH\BaseModel.php(751): CodeIgniter\Model->insert([...], false)
 9 APPPATH\Controllers\Auth.php(55): CodeIgniter\BaseModel->save([...])
10 SYSTEMPATH\CodeIgniter.php(933): App\Controllers\Auth->registerProcess()
11 SYSTEMPATH\CodeIgniter.php(507): CodeIgniter\CodeIgniter->runController(Object(App\Controllers\Auth))
12 SYSTEMPATH\CodeIgniter.php(354): CodeIgniter\CodeIgniter->handleRequest(null, Object(Config\Cache), false)
13 SYSTEMPATH\Boot.php(363): CodeIgniter\CodeIgniter->run()
14 SYSTEMPATH\Boot.php(68): CodeIgniter\Boot::runCodeIgniter(Object(CodeIgniter\CodeIgniter))
15 FCPATH\index.php(59): CodeIgniter\Boot::bootWeb(Object(Config\Paths))
16 SYSTEMPATH\rewrite.php(44): require_once('C:\\xampp8\\htdocs\\it-training-system\\public\\index.php')
ERROR - 2026-01-09 10:46:58 --> mysqli_sql_exception: Unknown column 'profile_image' in 'field list' in C:\xampp8\htdocs\it-training-system\system\Database\MySQLi\Connection.php:327
Stack trace:
#0 C:\xampp8\htdocs\it-training-system\system\Database\MySQLi\Connection.php(327): mysqli->query('INSERT INTO `us...', 0)
#1 C:\xampp8\htdocs\it-training-system\system\Database\BaseConnection.php(729): CodeIgniter\Database\MySQLi\Connection->execute('INSERT INTO `us...')
#2 C:\xampp8\htdocs\it-training-system\system\Database\BaseConnection.php(646): CodeIgniter\Database\BaseConnection->simpleQuery('INSERT INTO `us...')
#3 C:\xampp8\htdocs\it-training-system\system\Database\BaseBuilder.php(2345): CodeIgniter\Database\BaseConnection->query('INSERT INTO `us...', Array, false)
#4 C:\xampp8\htdocs\it-training-system\system\Model.php(394): CodeIgniter\Database\BaseBuilder->insert()
#5 C:\xampp8\htdocs\it-training-system\system\BaseModel.php(838): CodeIgniter\Model->doInsert(Array)
#6 C:\xampp8\htdocs\it-training-system\system\Model.php(797): CodeIgniter\BaseModel->insert(Array, false)
#7 C:\xampp8\htdocs\it-training-system\system\BaseModel.php(751): CodeIgniter\Model->insert(Array, false)
#8 C:\xampp8\htdocs\it-training-system\app\Controllers\Auth.php(55): CodeIgniter\BaseModel->save(Array)
#9 C:\xampp8\htdocs\it-training-system\system\CodeIgniter.php(933): App\Controllers\Auth->registerProcess()
#10 C:\xampp8\htdocs\it-training-system\system\CodeIgniter.php(507): CodeIgniter\CodeIgniter->runController(Object(App\Controllers\Auth))
#11 C:\xampp8\htdocs\it-training-system\system\CodeIgniter.php(354): CodeIgniter\CodeIgniter->handleRequest(NULL, Object(Config\Cache), false)
#12 C:\xampp8\htdocs\it-training-system\system\Boot.php(363): CodeIgniter\CodeIgniter->run()
#13 C:\xampp8\htdocs\it-training-system\system\Boot.php(68): CodeIgniter\Boot::runCodeIgniter(Object(CodeIgniter\CodeIgniter))
#14 C:\xampp8\htdocs\it-training-system\public\index.php(59): CodeIgniter\Boot::bootWeb(Object(Config\Paths))
#15 C:\xampp8\htdocs\it-training-system\system\rewrite.php(44): require_once('C:\\xampp8\\htdoc...')
#16 {main}
CRITICAL - 2026-01-09 10:46:58 --> CodeIgniter\Database\Exceptions\DatabaseException: Unknown column 'profile_image' in 'field list'
[Method: POST, Route: register-process]
in SYSTEMPATH\Database\BaseConnection.php on line 684.
 1 SYSTEMPATH\Database\BaseBuilder.php(2345): CodeIgniter\Database\BaseConnection->query('INSERT INTO `users` (`full_name`, `email`, `password`, `role`, `phone_num`, `gender`, `profile_image`) VALUES (:full_name:, :email:, :password:, :role:, :phone_num:, :gender:, :profile_image:)', [...], false)
 2 SYSTEMPATH\Model.php(394): CodeIgniter\Database\BaseBuilder->insert()
 3 SYSTEMPATH\BaseModel.php(838): CodeIgniter\Model->doInsert([...])
 4 SYSTEMPATH\Model.php(797): CodeIgniter\BaseModel->insert([...], false)
 5 SYSTEMPATH\BaseModel.php(751): CodeIgniter\Model->insert([...], false)
 6 APPPATH\Controllers\Auth.php(55): CodeIgniter\BaseModel->save([...])
 7 SYSTEMPATH\CodeIgniter.php(933): App\Controllers\Auth->registerProcess()
 8 SYSTEMPATH\CodeIgniter.php(507): CodeIgniter\CodeIgniter->runController(Object(App\Controllers\Auth))
 9 SYSTEMPATH\CodeIgniter.php(354): CodeIgniter\CodeIgniter->handleRequest(null, Object(Config\Cache), false)
10 SYSTEMPATH\Boot.php(363): CodeIgniter\CodeIgniter->run()
11 SYSTEMPATH\Boot.php(68): CodeIgniter\Boot::runCodeIgniter(Object(CodeIgniter\CodeIgniter))
12 FCPATH\index.php(59): CodeIgniter\Boot::bootWeb(Object(Config\Paths))
13 SYSTEMPATH\rewrite.php(44): require_once('C:\\xampp8\\htdocs\\it-training-system\\public\\index.php')
CRITICAL - 2026-01-09 10:46:58 --> [Caused by] CodeIgniter\Database\Exceptions\DatabaseException: Unknown column 'profile_image' in 'field list'
in SYSTEMPATH\Database\MySQLi\Connection.php on line 332.
 1 SYSTEMPATH\Database\BaseConnection.php(729): CodeIgniter\Database\MySQLi\Connection->execute('INSERT INTO `users` (`full_name`, `email`, `password`, `role`, `phone_num`, `gender`, `profile_image`) VALUES (\'Aina Nadirah\', \'ainanadirah613@gmail.com\', \'$2y$10$AoLWKt/htP6B6TfMzWhyuearzDpslAer/b.QctDP/PCPmDQpOBuCm\', \'admin\', \'0133964530\', \'female\', NULL)')
 2 SYSTEMPATH\Database\BaseConnection.php(646): CodeIgniter\Database\BaseConnection->simpleQuery('INSERT INTO `users` (`full_name`, `email`, `password`, `role`, `phone_num`, `gender`, `profile_image`) VALUES (\'Aina Nadirah\', \'ainanadirah613@gmail.com\', \'$2y$10$AoLWKt/htP6B6TfMzWhyuearzDpslAer/b.QctDP/PCPmDQpOBuCm\', \'admin\', \'0133964530\', \'female\', NULL)')
 3 SYSTEMPATH\Database\BaseBuilder.php(2345): CodeIgniter\Database\BaseConnection->query('INSERT INTO `users` (`full_name`, `email`, `password`, `role`, `phone_num`, `gender`, `profile_image`) VALUES (:full_name:, :email:, :password:, :role:, :phone_num:, :gender:, :profile_image:)', [...], false)
 4 SYSTEMPATH\Model.php(394): CodeIgniter\Database\BaseBuilder->insert()
 5 SYSTEMPATH\BaseModel.php(838): CodeIgniter\Model->doInsert([...])
 6 SYSTEMPATH\Model.php(797): CodeIgniter\BaseModel->insert([...], false)
 7 SYSTEMPATH\BaseModel.php(751): CodeIgniter\Model->insert([...], false)
 8 APPPATH\Controllers\Auth.php(55): CodeIgniter\BaseModel->save([...])
 9 SYSTEMPATH\CodeIgniter.php(933): App\Controllers\Auth->registerProcess()
10 SYSTEMPATH\CodeIgniter.php(507): CodeIgniter\CodeIgniter->runController(Object(App\Controllers\Auth))
11 SYSTEMPATH\CodeIgniter.php(354): CodeIgniter\CodeIgniter->handleRequest(null, Object(Config\Cache), false)
12 SYSTEMPATH\Boot.php(363): CodeIgniter\CodeIgniter->run()
13 SYSTEMPATH\Boot.php(68): CodeIgniter\Boot::runCodeIgniter(Object(CodeIgniter\CodeIgniter))
14 FCPATH\index.php(59): CodeIgniter\Boot::bootWeb(Object(Config\Paths))
15 SYSTEMPATH\rewrite.php(44): require_once('C:\\xampp8\\htdocs\\it-training-system\\public\\index.php')
CRITICAL - 2026-01-09 10:46:58 --> [Caused by] mysqli_sql_exception: Unknown column 'profile_image' in 'field list'
in SYSTEMPATH\Database\MySQLi\Connection.php on line 327.
 1 SYSTEMPATH\Database\MySQLi\Connection.php(327): mysqli->query('INSERT INTO `users` (`full_name`, `email`, `password`, `role`, `phone_num`, `gender`, `profile_image`) VALUES (\'Aina Nadirah\', \'ainanadirah613@gmail.com\', \'$2y$10$AoLWKt/htP6B6TfMzWhyuearzDpslAer/b.QctDP/PCPmDQpOBuCm\', \'admin\', \'0133964530\', \'female\', NULL)', 0)
 2 SYSTEMPATH\Database\BaseConnection.php(729): CodeIgniter\Database\MySQLi\Connection->execute('INSERT INTO `users` (`full_name`, `email`, `password`, `role`, `phone_num`, `gender`, `profile_image`) VALUES (\'Aina Nadirah\', \'ainanadirah613@gmail.com\', \'$2y$10$AoLWKt/htP6B6TfMzWhyuearzDpslAer/b.QctDP/PCPmDQpOBuCm\', \'admin\', \'0133964530\', \'female\', NULL)')
 3 SYSTEMPATH\Database\BaseConnection.php(646): CodeIgniter\Database\BaseConnection->simpleQuery('INSERT INTO `users` (`full_name`, `email`, `password`, `role`, `phone_num`, `gender`, `profile_image`) VALUES (\'Aina Nadirah\', \'ainanadirah613@gmail.com\', \'$2y$10$AoLWKt/htP6B6TfMzWhyuearzDpslAer/b.QctDP/PCPmDQpOBuCm\', \'admin\', \'0133964530\', \'female\', NULL)')
 4 SYSTEMPATH\Database\BaseBuilder.php(2345): CodeIgniter\Database\BaseConnection->query('INSERT INTO `users` (`full_name`, `email`, `password`, `role`, `phone_num`, `gender`, `profile_image`) VALUES (:full_name:, :email:, :password:, :role:, :phone_num:, :gender:, :profile_image:)', [...], false)
 5 SYSTEMPATH\Model.php(394): CodeIgniter\Database\BaseBuilder->insert()
 6 SYSTEMPATH\BaseModel.php(838): CodeIgniter\Model->doInsert([...])
 7 SYSTEMPATH\Model.php(797): CodeIgniter\BaseModel->insert([...], false)
 8 SYSTEMPATH\BaseModel.php(751): CodeIgniter\Model->insert([...], false)
 9 APPPATH\Controllers\Auth.php(55): CodeIgniter\BaseModel->save([...])
10 SYSTEMPATH\CodeIgniter.php(933): App\Controllers\Auth->registerProcess()
11 SYSTEMPATH\CodeIgniter.php(507): CodeIgniter\CodeIgniter->runController(Object(App\Controllers\Auth))
12 SYSTEMPATH\CodeIgniter.php(354): CodeIgniter\CodeIgniter->handleRequest(null, Object(Config\Cache), false)
13 SYSTEMPATH\Boot.php(363): CodeIgniter\CodeIgniter->run()
14 SYSTEMPATH\Boot.php(68): CodeIgniter\Boot::runCodeIgniter(Object(CodeIgniter\CodeIgniter))
15 FCPATH\index.php(59): CodeIgniter\Boot::bootWeb(Object(Config\Paths))
16 SYSTEMPATH\rewrite.php(44): require_once('C:\\xampp8\\htdocs\\it-training-system\\public\\index.php')
DEBUG - 2026-01-09 10:47:05 --> Session: Class initialized using 'CodeIgniter\Session\Handlers\FileHandler' driver.
ERROR - 2026-01-09 10:47:13 --> mysqli_sql_exception: Unknown column 'profile_image' in 'field list' in C:\xampp8\htdocs\it-training-system\system\Database\MySQLi\Connection.php:327
Stack trace:
#0 C:\xampp8\htdocs\it-training-system\system\Database\MySQLi\Connection.php(327): mysqli->query('INSERT INTO `us...', 0)
#1 C:\xampp8\htdocs\it-training-system\system\Database\BaseConnection.php(729): CodeIgniter\Database\MySQLi\Connection->execute('INSERT INTO `us...')
#2 C:\xampp8\htdocs\it-training-system\system\Database\BaseConnection.php(646): CodeIgniter\Database\BaseConnection->simpleQuery('INSERT INTO `us...')
#3 C:\xampp8\htdocs\it-training-system\system\Database\BaseBuilder.php(2345): CodeIgniter\Database\BaseConnection->query('INSERT INTO `us...', Array, false)
#4 C:\xampp8\htdocs\it-training-system\system\Model.php(394): CodeIgniter\Database\BaseBuilder->insert()
#5 C:\xampp8\htdocs\it-training-system\system\BaseModel.php(838): CodeIgniter\Model->doInsert(Array)
#6 C:\xampp8\htdocs\it-training-system\system\Model.php(797): CodeIgniter\BaseModel->insert(Array, false)
#7 C:\xampp8\htdocs\it-training-system\system\BaseModel.php(751): CodeIgniter\Model->insert(Array, false)
#8 C:\xampp8\htdocs\it-training-system\app\Controllers\Auth.php(55): CodeIgniter\BaseModel->save(Array)
#9 C:\xampp8\htdocs\it-training-system\system\CodeIgniter.php(933): App\Controllers\Auth->registerProcess()
#10 C:\xampp8\htdocs\it-training-system\system\CodeIgniter.php(507): CodeIgniter\CodeIgniter->runController(Object(App\Controllers\Auth))
#11 C:\xampp8\htdocs\it-training-system\system\CodeIgniter.php(354): CodeIgniter\CodeIgniter->handleRequest(NULL, Object(Config\Cache), false)
#12 C:\xampp8\htdocs\it-training-system\system\Boot.php(363): CodeIgniter\CodeIgniter->run()
#13 C:\xampp8\htdocs\it-training-system\system\Boot.php(68): CodeIgniter\Boot::runCodeIgniter(Object(CodeIgniter\CodeIgniter))
#14 C:\xampp8\htdocs\it-training-system\public\index.php(59): CodeIgniter\Boot::bootWeb(Object(Config\Paths))
#15 C:\xampp8\htdocs\it-training-system\system\rewrite.php(44): require_once('C:\\xampp8\\htdoc...')
#16 {main}
CRITICAL - 2026-01-09 10:47:13 --> CodeIgniter\Database\Exceptions\DatabaseException: Unknown column 'profile_image' in 'field list'
[Method: POST, Route: register-process]
in SYSTEMPATH\Database\BaseConnection.php on line 684.
 1 SYSTEMPATH\Database\BaseBuilder.php(2345): CodeIgniter\Database\BaseConnection->query('INSERT INTO `users` (`full_name`, `email`, `password`, `role`, `phone_num`, `gender`, `profile_image`) VALUES (:full_name:, :email:, :password:, :role:, :phone_num:, :gender:, :profile_image:)', [...], false)
 2 SYSTEMPATH\Model.php(394): CodeIgniter\Database\BaseBuilder->insert()
 3 SYSTEMPATH\BaseModel.php(838): CodeIgniter\Model->doInsert([...])
 4 SYSTEMPATH\Model.php(797): CodeIgniter\BaseModel->insert([...], false)
 5 SYSTEMPATH\BaseModel.php(751): CodeIgniter\Model->insert([...], false)
 6 APPPATH\Controllers\Auth.php(55): CodeIgniter\BaseModel->save([...])
 7 SYSTEMPATH\CodeIgniter.php(933): App\Controllers\Auth->registerProcess()
 8 SYSTEMPATH\CodeIgniter.php(507): CodeIgniter\CodeIgniter->runController(Object(App\Controllers\Auth))
 9 SYSTEMPATH\CodeIgniter.php(354): CodeIgniter\CodeIgniter->handleRequest(null, Object(Config\Cache), false)
10 SYSTEMPATH\Boot.php(363): CodeIgniter\CodeIgniter->run()
11 SYSTEMPATH\Boot.php(68): CodeIgniter\Boot::runCodeIgniter(Object(CodeIgniter\CodeIgniter))
12 FCPATH\index.php(59): CodeIgniter\Boot::bootWeb(Object(Config\Paths))
13 SYSTEMPATH\rewrite.php(44): require_once('C:\\xampp8\\htdocs\\it-training-system\\public\\index.php')
CRITICAL - 2026-01-09 10:47:13 --> [Caused by] CodeIgniter\Database\Exceptions\DatabaseException: Unknown column 'profile_image' in 'field list'
in SYSTEMPATH\Database\MySQLi\Connection.php on line 332.
 1 SYSTEMPATH\Database\BaseConnection.php(729): CodeIgniter\Database\MySQLi\Connection->execute('INSERT INTO `users` (`full_name`, `email`, `password`, `role`, `phone_num`, `gender`, `profile_image`) VALUES (\'Aina Nadirah\', \'ainanadirah613@gmail.com\', \'$2y$10$66dqoOza9Ckc4uCAPxUb5Oxs24BTtXlqLznoH5qsIYaM17pvvxkPy\', \'admin\', \'0133964530\', \'female\', NULL)')
 2 SYSTEMPATH\Database\BaseConnection.php(646): CodeIgniter\Database\BaseConnection->simpleQuery('INSERT INTO `users` (`full_name`, `email`, `password`, `role`, `phone_num`, `gender`, `profile_image`) VALUES (\'Aina Nadirah\', \'ainanadirah613@gmail.com\', \'$2y$10$66dqoOza9Ckc4uCAPxUb5Oxs24BTtXlqLznoH5qsIYaM17pvvxkPy\', \'admin\', \'0133964530\', \'female\', NULL)')
 3 SYSTEMPATH\Database\BaseBuilder.php(2345): CodeIgniter\Database\BaseConnection->query('INSERT INTO `users` (`full_name`, `email`, `password`, `role`, `phone_num`, `gender`, `profile_image`) VALUES (:full_name:, :email:, :password:, :role:, :phone_num:, :gender:, :profile_image:)', [...], false)
 4 SYSTEMPATH\Model.php(394): CodeIgniter\Database\BaseBuilder->insert()
 5 SYSTEMPATH\BaseModel.php(838): CodeIgniter\Model->doInsert([...])
 6 SYSTEMPATH\Model.php(797): CodeIgniter\BaseModel->insert([...], false)
 7 SYSTEMPATH\BaseModel.php(751): CodeIgniter\Model->insert([...], false)
 8 APPPATH\Controllers\Auth.php(55): CodeIgniter\BaseModel->save([...])
 9 SYSTEMPATH\CodeIgniter.php(933): App\Controllers\Auth->registerProcess()
10 SYSTEMPATH\CodeIgniter.php(507): CodeIgniter\CodeIgniter->runController(Object(App\Controllers\Auth))
11 SYSTEMPATH\CodeIgniter.php(354): CodeIgniter\CodeIgniter->handleRequest(null, Object(Config\Cache), false)
12 SYSTEMPATH\Boot.php(363): CodeIgniter\CodeIgniter->run()
13 SYSTEMPATH\Boot.php(68): CodeIgniter\Boot::runCodeIgniter(Object(CodeIgniter\CodeIgniter))
14 FCPATH\index.php(59): CodeIgniter\Boot::bootWeb(Object(Config\Paths))
15 SYSTEMPATH\rewrite.php(44): require_once('C:\\xampp8\\htdocs\\it-training-system\\public\\index.php')
CRITICAL - 2026-01-09 10:47:13 --> [Caused by] mysqli_sql_exception: Unknown column 'profile_image' in 'field list'
in SYSTEMPATH\Database\MySQLi\Connection.php on line 327.
 1 SYSTEMPATH\Database\MySQLi\Connection.php(327): mysqli->query('INSERT INTO `users` (`full_name`, `email`, `password`, `role`, `phone_num`, `gender`, `profile_image`) VALUES (\'Aina Nadirah\', \'ainanadirah613@gmail.com\', \'$2y$10$66dqoOza9Ckc4uCAPxUb5Oxs24BTtXlqLznoH5qsIYaM17pvvxkPy\', \'admin\', \'0133964530\', \'female\', NULL)', 0)
 2 SYSTEMPATH\Database\BaseConnection.php(729): CodeIgniter\Database\MySQLi\Connection->execute('INSERT INTO `users` (`full_name`, `email`, `password`, `role`, `phone_num`, `gender`, `profile_image`) VALUES (\'Aina Nadirah\', \'ainanadirah613@gmail.com\', \'$2y$10$66dqoOza9Ckc4uCAPxUb5Oxs24BTtXlqLznoH5qsIYaM17pvvxkPy\', \'admin\', \'0133964530\', \'female\', NULL)')
 3 SYSTEMPATH\Database\BaseConnection.php(646): CodeIgniter\Database\BaseConnection->simpleQuery('INSERT INTO `users` (`full_name`, `email`, `password`, `role`, `phone_num`, `gender`, `profile_image`) VALUES (\'Aina Nadirah\', \'ainanadirah613@gmail.com\', \'$2y$10$66dqoOza9Ckc4uCAPxUb5Oxs24BTtXlqLznoH5qsIYaM17pvvxkPy\', \'admin\', \'0133964530\', \'female\', NULL)')
 4 SYSTEMPATH\Database\BaseBuilder.php(2345): CodeIgniter\Database\BaseConnection->query('INSERT INTO `users` (`full_name`, `email`, `password`, `role`, `phone_num`, `gender`, `profile_image`) VALUES (:full_name:, :email:, :password:, :role:, :phone_num:, :gender:, :profile_image:)', [...], false)
 5 SYSTEMPATH\Model.php(394): CodeIgniter\Database\BaseBuilder->insert()
 6 SYSTEMPATH\BaseModel.php(838): CodeIgniter\Model->doInsert([...])
 7 SYSTEMPATH\Model.php(797): CodeIgniter\BaseModel->insert([...], false)
 8 SYSTEMPATH\BaseModel.php(751): CodeIgniter\Model->insert([...], false)
 9 APPPATH\Controllers\Auth.php(55): CodeIgniter\BaseModel->save([...])
10 SYSTEMPATH\CodeIgniter.php(933): App\Controllers\Auth->registerProcess()
11 SYSTEMPATH\CodeIgniter.php(507): CodeIgniter\CodeIgniter->runController(Object(App\Controllers\Auth))
12 SYSTEMPATH\CodeIgniter.php(354): CodeIgniter\CodeIgniter->handleRequest(null, Object(Config\Cache), false)
13 SYSTEMPATH\Boot.php(363): CodeIgniter\CodeIgniter->run()
14 SYSTEMPATH\Boot.php(68): CodeIgniter\Boot::runCodeIgniter(Object(CodeIgniter\CodeIgniter))
15 FCPATH\index.php(59): CodeIgniter\Boot::bootWeb(Object(Config\Paths))
16 SYSTEMPATH\rewrite.php(44): require_once('C:\\xampp8\\htdocs\\it-training-system\\public\\index.php')
DEBUG - 2026-01-09 10:50:11 --> Session: Class initialized using 'CodeIgniter\Session\Handlers\FileHandler' driver.
DEBUG - 2026-01-09 10:50:11 --> Session: Class initialized using 'CodeIgniter\Session\Handlers\FileHandler' driver.
