CRITICAL - 2026-01-05 03:35:52 --> ErrorException: Undefined variable $user
[Method: GET, Route: dashboard]
in APPPATH\Views\templates\header.php on line 32.
 1 APPPATH\Views\templates\header.php(32): CodeIgniter\Debug\Exceptions->errorHandler(2, 'Undefined variable $user', 'C:\\xampp8\\htdocs\\it-training-system\\app\\Views\\templates\\header.php', 32)
 2 SYSTEMPATH\View\View.php(226): include('C:\\xampp8\\htdocs\\it-training-system\\app\\Views\\templates\\header.php')
 3 SYSTEMPATH\View\View.php(229): CodeIgniter\View\View->CodeIgniter\View\{closure}()
 4 SYSTEMPATH\Common.php(1167): CodeIgniter\View\View->render('templates/header', [], true)
 5 APPPATH\Controllers\Pages.php(27): view('templates/header')
 6 SYSTEMPATH\CodeIgniter.php(933): App\Controllers\Pages->dashboard()
 7 SYSTEMPATH\CodeIgniter.php(507): CodeIgniter\CodeIgniter->runController(Object(App\Controllers\Pages))
 8 SYSTEMPATH\CodeIgniter.php(354): CodeIgniter\CodeIgniter->handleRequest(null, Object(Config\Cache), false)
 9 SYSTEMPATH\Boot.php(363): CodeIgniter\CodeIgniter->run()
10 SYSTEMPATH\Boot.php(68): CodeIgniter\Boot::runCodeIgniter(Object(CodeIgniter\CodeIgniter))
11 FCPATH\index.php(59): CodeIgniter\Boot::bootWeb(Object(Config\Paths))
12 SYSTEMPATH\rewrite.php(44): require_once('C:\\xampp8\\htdocs\\it-training-system\\public\\index.php')
CRITICAL - 2026-01-05 03:35:54 --> ErrorException: Undefined variable $user
[Method: GET, Route: login]
in APPPATH\Views\templates\header.php on line 32.
 1 APPPATH\Views\templates\header.php(32): CodeIgniter\Debug\Exceptions->errorHandler(2, 'Undefined variable $user', 'C:\\xampp8\\htdocs\\it-training-system\\app\\Views\\templates\\header.php', 32)
 2 SYSTEMPATH\View\View.php(226): include('C:\\xampp8\\htdocs\\it-training-system\\app\\Views\\templates\\header.php')
 3 SYSTEMPATH\View\View.php(229): CodeIgniter\View\View->CodeIgniter\View\{closure}()
 4 SYSTEMPATH\Common.php(1167): CodeIgniter\View\View->render('templates/header', [], true)
 5 APPPATH\Controllers\Auth.php(68): view('templates/header')
 6 SYSTEMPATH\CodeIgniter.php(933): App\Controllers\Auth->login()
 7 SYSTEMPATH\CodeIgniter.php(507): CodeIgniter\CodeIgniter->runController(Object(App\Controllers\Auth))
 8 SYSTEMPATH\CodeIgniter.php(354): CodeIgniter\CodeIgniter->handleRequest(null, Object(Config\Cache), false)
 9 SYSTEMPATH\Boot.php(363): CodeIgniter\CodeIgniter->run()
10 SYSTEMPATH\Boot.php(68): CodeIgniter\Boot::runCodeIgniter(Object(CodeIgniter\CodeIgniter))
11 FCPATH\index.php(59): CodeIgniter\Boot::bootWeb(Object(Config\Paths))
12 SYSTEMPATH\rewrite.php(44): require_once('C:\\xampp8\\htdocs\\it-training-system\\public\\index.php')
CRITICAL - 2026-01-05 03:35:55 --> ErrorException: Undefined variable $user
[Method: GET, Route: register]
in APPPATH\Views\templates\header.php on line 32.
 1 APPPATH\Views\templates\header.php(32): CodeIgniter\Debug\Exceptions->errorHandler(2, 'Undefined variable $user', 'C:\\xampp8\\htdocs\\it-training-system\\app\\Views\\templates\\header.php', 32)
 2 SYSTEMPATH\View\View.php(226): include('C:\\xampp8\\htdocs\\it-training-system\\app\\Views\\templates\\header.php')
 3 SYSTEMPATH\View\View.php(229): CodeIgniter\View\View->CodeIgniter\View\{closure}()
 4 SYSTEMPATH\Common.php(1167): CodeIgniter\View\View->render('templates/header', [], true)
 5 APPPATH\Controllers\Auth.php(11): view('templates/header')
 6 SYSTEMPATH\CodeIgniter.php(933): App\Controllers\Auth->register()
 7 SYSTEMPATH\CodeIgniter.php(507): CodeIgniter\CodeIgniter->runController(Object(App\Controllers\Auth))
 8 SYSTEMPATH\CodeIgniter.php(354): CodeIgniter\CodeIgniter->handleRequest(null, Object(Config\Cache), false)
 9 SYSTEMPATH\Boot.php(363): CodeIgniter\CodeIgniter->run()
10 SYSTEMPATH\Boot.php(68): CodeIgniter\Boot::runCodeIgniter(Object(CodeIgniter\CodeIgniter))
11 FCPATH\index.php(59): CodeIgniter\Boot::bootWeb(Object(Config\Paths))
12 SYSTEMPATH\rewrite.php(44): require_once('C:\\xampp8\\htdocs\\it-training-system\\public\\index.php')
CRITICAL - 2026-01-05 03:35:57 --> ErrorException: Undefined variable $user
[Method: GET, Route: /]
in APPPATH\Views\templates\header.php on line 32.
 1 APPPATH\Views\templates\header.php(32): CodeIgniter\Debug\Exceptions->errorHandler(2, 'Undefined variable $user', 'C:\\xampp8\\htdocs\\it-training-system\\app\\Views\\templates\\header.php', 32)
 2 SYSTEMPATH\View\View.php(226): include('C:\\xampp8\\htdocs\\it-training-system\\app\\Views\\templates\\header.php')
 3 SYSTEMPATH\View\View.php(229): CodeIgniter\View\View->CodeIgniter\View\{closure}()
 4 SYSTEMPATH\Common.php(1167): CodeIgniter\View\View->render('templates/header', [], true)
 5 APPPATH\Controllers\Pages.php(9): view('templates/header')
 6 SYSTEMPATH\CodeIgniter.php(933): App\Controllers\Pages->index()
 7 SYSTEMPATH\CodeIgniter.php(507): CodeIgniter\CodeIgniter->runController(Object(App\Controllers\Pages))
 8 SYSTEMPATH\CodeIgniter.php(354): CodeIgniter\CodeIgniter->handleRequest(null, Object(Config\Cache), false)
 9 SYSTEMPATH\Boot.php(363): CodeIgniter\CodeIgniter->run()
10 SYSTEMPATH\Boot.php(68): CodeIgniter\Boot::runCodeIgniter(Object(CodeIgniter\CodeIgniter))
11 FCPATH\index.php(59): CodeIgniter\Boot::bootWeb(Object(Config\Paths))
12 SYSTEMPATH\rewrite.php(44): require_once('C:\\xampp8\\htdocs\\it-training-system\\public\\index.php')
